[21/12/2016 13:12:17] /a 2
[21/12/2016 13:16:57] /town
[21/12/2016 13:17:1] /t
[21/12/2016 13:17:3] /t
[21/12/2016 13:17:13] /town baiak yourots
[21/12/2016 13:17:23] /a 2
[21/12/2016 13:18:16] /a 2
[21/12/2016 13:19:53] /i 12575
[21/12/2016 13:20:2] /a 2
[21/12/2016 13:20:27] /town baiak yourots
[21/12/2016 13:32:3] /i donate mage staff
[21/12/2016 13:32:20] /i 2160
[21/12/2016 13:32:23] /i 9971
[21/12/2016 13:41:1] /addskill level
[21/12/2016 13:41:11] /addskill level,GOD Source
[21/12/2016 13:41:14] /addskill level,GOD Source
[21/12/2016 13:41:16] /addskill level,GOD Source
[21/12/2016 13:41:19] /addskill level, GOD Source
[21/12/2016 13:41:20] /addskill level, GOD Source
[21/12/2016 13:41:28] /addskill G
[21/12/2016 13:41:32] /addskill GOD Source,level
[21/12/2016 13:41:33] /addskill GOD Source,level
[21/12/2016 13:41:35] /addskill GOD Source,level,100
[21/12/2016 13:41:36] /addskill GOD Source,level,100
[21/12/2016 13:41:37] /addskill GOD Source,level,100
[21/12/2016 13:41:37] /addskill GOD Source,level,100
[21/12/2016 13:41:39] /addskill GOD Source,level,100
[21/12/2016 13:41:59] /i backpack of holding
[21/12/2016 13:42:52] /addskill GOD Source,magic level,100
[21/12/2016 13:42:53] /addskill GOD Source,magic level,100
[21/12/2016 13:42:55] /addskill GOD Source,magic level,100
[21/12/2016 13:42:56] /addskill GOD Source,magic level,100
[21/12/2016 13:46:0] /a 2
[21/12/2016 13:46:5] /a 2
[21/12/2016 13:46:9] /a 2
[21/12/2016 13:50:7] /a 3
[21/12/2016 13:50:11] /a 3
[21/12/2016 13:50:57] /a 3
[21/12/2016 13:50:59] /a 3
[21/12/2016 13:51:10] /a 3
[21/12/2016 13:53:25] /a 5
[21/12/2016 13:53:27] /a 5
[21/12/2016 13:53:27] /a 5
[21/12/2016 13:53:27] /a 5
[21/12/2016 13:53:28] /a 5
[21/12/2016 13:53:28] /a 5
[21/12/2016 13:53:28] /a 5
[21/12/2016 13:53:30] /a 5
[21/12/2016 13:53:30] /a 5
[21/12/2016 13:53:31] /a 5
[21/12/2016 13:53:31] /a 5
[21/12/2016 13:53:32] /a 5
[21/12/2016 13:53:32] /a 5
[21/12/2016 13:53:33] /a 5
[21/12/2016 13:53:34] /a 5
[21/12/2016 13:53:34] /a 5
[21/12/2016 13:53:38] /r
[21/12/2016 13:53:39] /r
[21/12/2016 13:53:40] /r
[21/12/2016 13:53:42] /r
[21/12/2016 13:53:43] /r
[21/12/2016 13:55:6] /c leandoer
[21/12/2016 13:55:19] /addskill Leandoer,Level,630
[21/12/2016 13:55:27] /addskill Leandoer,magic Level,630
[21/12/2016 13:56:2] /i 12575
[21/12/2016 13:56:8] /i critical stone
[21/12/2016 13:56:13] /i 12575
[21/12/2016 13:56:17] /i critical stone
[21/12/2016 13:56:23] /i donate mage boots
[21/12/2016 13:56:27] /i donate mage helmet
[21/12/2016 13:56:29] /i donate mage helmet
[21/12/2016 13:56:32] /i donate mage hat
[21/12/2016 13:56:35] /i donate mage cape
[21/12/2016 13:56:40] /i donate mage shorts
[21/12/2016 13:56:44] /i donate mage book
[21/12/2016 13:56:49] /i donate mage spellbook
[21/12/2016 13:56:56] /i amulet red
[21/12/2016 13:57:1] /i blessing amulet
[21/12/2016 13:59:31] /i promote ring
[21/12/2016 13:59:36] /n johnny
[21/12/2016 13:59:48] /r
[21/12/2016 14:0:16] /r
[21/12/2016 14:2:51] /i 12575
[21/12/2016 14:2:52] /i 12575
[21/12/2016 14:2:55] /i blessing amulet
[21/12/2016 14:2:58] /i promote ring
[21/12/2016 14:3:0] /n johnny
[21/12/2016 14:3:5] /i donate mage spellbook
[21/12/2016 14:3:11] /i donate mage boots
[21/12/2016 14:3:15] /i donate mage shorts
[21/12/2016 14:3:18] /i donate mage hat
[21/12/2016 14:3:20] /i donate mage cape
[21/12/2016 14:3:22] /i donate mage staff
[21/12/2016 14:3:30] /i critical stone
[21/12/2016 14:3:30] /i critical stone
[21/12/2016 14:3:33] /i 9971
[21/12/2016 14:3:34] /i 9971
[21/12/2016 14:3:41] /clean
[21/12/2016 14:3:45] /i backpack of holding
[21/12/2016 14:5:27] /c leandoer
[21/12/2016 14:5:28] /r
[21/12/2016 14:5:29] /r
[21/12/2016 14:6:47] /c leandoer
[21/12/2016 14:7:7] /town baiak yourots
[21/12/2016 14:7:15] /c leandoer
[21/12/2016 14:7:18] /i 12505
[21/12/2016 14:7:19] /i 12505
[21/12/2016 14:7:19] /i 12505
[21/12/2016 14:7:19] /i 12505
[21/12/2016 14:7:36] /attr
[21/12/2016 14:7:39] /attr skull 4
[21/12/2016 14:7:49] /attr skull 5
[21/12/2016 14:9:52] /c leandoer
[21/12/2016 14:10:31] /i double exp
[21/12/2016 14:15:2] /a 2
[21/12/2016 14:16:15] /a 2
[21/12/2016 14:16:24] /c leandoer
[21/12/2016 14:17:53] /i 8981
[21/12/2016 14:17:55] /i 8981
[21/12/2016 14:17:56] /i 8981
[21/12/2016 14:17:56] /i 8981
[21/12/2016 14:24:21] /c leandoer
[21/12/2016 14:27:12] /goto dark rodo
[21/12/2016 14:27:22] /c leandoer
[21/12/2016 14:27:24] /a 2
[21/12/2016 14:27:25] /c leandoer
[21/12/2016 14:41:32] /a 2
